<?xml version="1.0" encoding="UTF-8"?>
<!-- Generated by org.testng.reporters.JUnitXMLReporter -->
<testsuite ignored="0" hostname="DESKTOP-7S7LCUO" failures="2" tests="2" name="Test" time="16.484" errors="0" timestamp="2024-03-26T10:36:40 IST">
  <testcase classname="tests.Login" name="test1" time="10.659">
    <failure type="java.lang.AssertionError" message="expected [Google] but found [tielakjd]">
      <![CDATA[java.lang.AssertionError: expected [Google] but found [tielakjd]
at tests.Login.test1(Login.java:17)
at java.base/java.util.ArrayList.forEach(ArrayList.java:1511)
... Removed 33 stack frames]]>
    </failure>
  </testcase> <!-- test1 -->
  <testcase classname="tests.Login" name="test2" time="4.798">
    <failure type="java.lang.AssertionError" message="expected [Google] but found [tielakjd]">
      <![CDATA[java.lang.AssertionError: expected [Google] but found [tielakjd]
at tests.Login.test2(Login.java:25)
at java.base/java.util.ArrayList.forEach(ArrayList.java:1511)
... Removed 33 stack frames]]>
    </failure>
  </testcase> <!-- test2 -->
</testsuite> <!-- Test -->
