<?xml version="1.0" encoding="UTF-8"?>
<!-- Generated by org.testng.reporters.JUnitXMLReporter -->
<testsuite ignored="0" hostname="DESKTOP-7S7LCUO" failures="2" tests="2" name="Test" time="10.837" errors="0" timestamp="2024-04-04T15:48:34 IST">
  <testcase classname="tests.Login2" name="test1" time="7.138">
    <failure type="java.lang.AssertionError" message="expected [Google] but found [tielakjd]">
      <![CDATA[java.lang.AssertionError: expected [Google] but found [tielakjd]
at tests.Login2.test1(Login2.java:15)
at java.base/java.util.ArrayList.forEach(ArrayList.java:1511)
... Removed 36 stack frames]]>
    </failure>
  </testcase> <!-- test1 -->
  <testcase classname="tests.Login2" name="test2" time="3.264">
    <failure type="java.lang.AssertionError" message="expected [Google] but found [tielakjd]">
      <![CDATA[java.lang.AssertionError: expected [Google] but found [tielakjd]
at tests.Login2.test2(Login2.java:23)
at java.base/java.util.ArrayList.forEach(ArrayList.java:1511)
... Removed 36 stack frames]]>
    </failure>
  </testcase> <!-- test2 -->
</testsuite> <!-- Test -->
